2017-09-20 09:45:30 [ http-bio-8080-exec-5:0 ] - [ DEBUG ] begin invoke method===>org.springframework.aop.aspectj.MethodInvocationProceedingJoinPoint.encryptPassword
2017-09-20 09:45:30 [ http-bio-8080-exec-5:48 ] - [ DEBUG ] method===>org.springframework.aop.aspectj.MethodInvocationProceedingJoinPoint.encryptPassword ----->elapsed time:50 ms
2017-09-20 09:45:30 [ http-bio-8080-exec-5:49 ] - [ DEBUG ] end invoke method===>org.springframework.aop.aspectj.MethodInvocationProceedingJoinPoint.encryptPassword
2017-09-20 09:50:54 [ http-bio-8080-exec-4:0 ] - [ DEBUG ] begin invoke method===>org.springframework.aop.aspectj.MethodInvocationProceedingJoinPoint.encryptPassword
2017-09-20 09:50:55 [ http-bio-8080-exec-4:339 ] - [ DEBUG ] method===>org.springframework.aop.aspectj.MethodInvocationProceedingJoinPoint.encryptPassword ----->elapsed time:342 ms
2017-09-20 09:50:55 [ http-bio-8080-exec-4:340 ] - [ DEBUG ] end invoke method===>org.springframework.aop.aspectj.MethodInvocationProceedingJoinPoint.encryptPassword
2017-09-20 10:06:39 [ http-bio-8080-exec-4:1 ] - [ DEBUG ] begin invoke method===>org.springframework.aop.aspectj.MethodInvocationProceedingJoinPoint.encryptPassword
2017-09-20 10:06:39 [ http-bio-8080-exec-4:59 ] - [ DEBUG ] method===>org.springframework.aop.aspectj.MethodInvocationProceedingJoinPoint.encryptPassword ----->elapsed time:62 ms
2017-09-20 10:06:39 [ http-bio-8080-exec-4:60 ] - [ DEBUG ] end invoke method===>org.springframework.aop.aspectj.MethodInvocationProceedingJoinPoint.encryptPassword
2017-09-20 10:08:00 [ http-bio-8080-exec-4:0 ] - [ DEBUG ] begin invoke method===>org.springframework.aop.aspectj.MethodInvocationProceedingJoinPoint.encryptPassword
2017-09-20 10:08:00 [ http-bio-8080-exec-4:48 ] - [ DEBUG ] method===>org.springframework.aop.aspectj.MethodInvocationProceedingJoinPoint.encryptPassword ----->elapsed time:52 ms
2017-09-20 10:08:00 [ http-bio-8080-exec-4:49 ] - [ DEBUG ] end invoke method===>org.springframework.aop.aspectj.MethodInvocationProceedingJoinPoint.encryptPassword
2017-09-20 10:08:00 [ http-bio-8080-exec-4:50 ] - [ DEBUG ] begin invoke method===>org.springframework.aop.aspectj.MethodInvocationProceedingJoinPoint.createUser
2017-09-20 10:08:00 [ http-bio-8080-exec-4:72 ] - [ DEBUG ] end invoke method===>org.springframework.aop.aspectj.MethodInvocationProceedingJoinPoint.createUser
2017-09-20 10:11:22 [ http-bio-8080-exec-4:1 ] - [ DEBUG ] begin invoke method===>org.springframework.aop.aspectj.MethodInvocationProceedingJoinPoint.encryptPassword
2017-09-20 10:11:22 [ http-bio-8080-exec-4:41 ] - [ DEBUG ] method===>org.springframework.aop.aspectj.MethodInvocationProceedingJoinPoint.encryptPassword ----->elapsed time:44 ms
2017-09-20 10:11:22 [ http-bio-8080-exec-4:42 ] - [ DEBUG ] end invoke method===>org.springframework.aop.aspectj.MethodInvocationProceedingJoinPoint.encryptPassword
2017-09-20 10:22:19 [ http-bio-8080-exec-4:0 ] - [ DEBUG ] begin invoke method===>org.springframework.aop.aspectj.MethodInvocationProceedingJoinPoint.encryptPassword
2017-09-20 10:22:19 [ http-bio-8080-exec-4:56 ] - [ DEBUG ] method===>org.springframework.aop.aspectj.MethodInvocationProceedingJoinPoint.encryptPassword ----->elapsed time:58 ms
2017-09-20 10:22:19 [ http-bio-8080-exec-4:60 ] - [ DEBUG ] end invoke method===>org.springframework.aop.aspectj.MethodInvocationProceedingJoinPoint.encryptPassword
2017-09-20 10:22:19 [ http-bio-8080-exec-4:63 ] - [ DEBUG ] begin invoke method===>org.springframework.aop.aspectj.MethodInvocationProceedingJoinPoint.createUser
2017-09-20 10:22:19 [ http-bio-8080-exec-4:161 ] - [ ERROR ] {dataSource-1} init error
java.sql.SQLException: oracle.jdbc.driver.OracleDriver
	at com.alibaba.druid.util.JdbcUtils.createDriver(JdbcUtils.java:584)
	at com.alibaba.druid.pool.DruidDataSource.init(DruidDataSource.java:785)
	at com.alibaba.druid.pool.DruidDataSource.getConnection(DruidDataSource.java:1172)
	at com.alibaba.druid.pool.DruidDataSource.getConnection(DruidDataSource.java:1168)
	at com.alibaba.druid.pool.DruidDataSource.getConnection(DruidDataSource.java:104)
	at org.springframework.jdbc.datasource.DataSourceUtils.doGetConnection(DataSourceUtils.java:111)
	at org.springframework.jdbc.datasource.DataSourceUtils.getConnection(DataSourceUtils.java:77)
	at org.mybatis.spring.transaction.SpringManagedTransaction.openConnection(SpringManagedTransaction.java:82)
	at org.mybatis.spring.transaction.SpringManagedTransaction.getConnection(SpringManagedTransaction.java:68)
	at org.apache.ibatis.executor.BaseExecutor.getConnection(BaseExecutor.java:336)
	at org.apache.ibatis.executor.SimpleExecutor.prepareStatement(SimpleExecutor.java:84)
	at org.apache.ibatis.executor.SimpleExecutor.doUpdate(SimpleExecutor.java:49)
	at org.apache.ibatis.executor.BaseExecutor.update(BaseExecutor.java:117)
	at org.apache.ibatis.executor.CachingExecutor.update(CachingExecutor.java:76)
	at org.apache.ibatis.session.defaults.DefaultSqlSession.update(DefaultSqlSession.java:198)
	at org.apache.ibatis.session.defaults.DefaultSqlSession.insert(DefaultSqlSession.java:185)
	at sun.reflect.NativeMethodAccessorImpl.invoke0(Native Method)
	at sun.reflect.NativeMethodAccessorImpl.invoke(NativeMethodAccessorImpl.java:62)
	at sun.reflect.DelegatingMethodAccessorImpl.invoke(DelegatingMethodAccessorImpl.java:43)
	at java.lang.reflect.Method.invoke(Method.java:498)
	at org.mybatis.spring.SqlSessionTemplate$SqlSessionInterceptor.invoke(SqlSessionTemplate.java:433)
	at com.sun.proxy.$Proxy29.insert(Unknown Source)
	at org.mybatis.spring.SqlSessionTemplate.insert(SqlSessionTemplate.java:278)
	at org.apache.ibatis.binding.MapperMethod.execute(MapperMethod.java:57)
	at org.apache.ibatis.binding.MapperProxy.invoke(MapperProxy.java:59)
	at com.sun.proxy.$Proxy42.createUser(Unknown Source)
	at cn.star.autorder.shiro.service.impl.ShiroServiceImpl.createUser(ShiroServiceImpl.java:59)
	at cn.star.autorder.shiro.service.impl.ShiroServiceImpl$$FastClassBySpringCGLIB$$da931635.invoke(<generated>)
	at org.springframework.cglib.proxy.MethodProxy.invoke(MethodProxy.java:204)
	at org.springframework.aop.framework.CglibAopProxy$CglibMethodInvocation.invokeJoinpoint(CglibAopProxy.java:738)
	at org.springframework.aop.framework.ReflectiveMethodInvocation.proceed(ReflectiveMethodInvocation.java:157)
	at org.springframework.aop.framework.adapter.MethodBeforeAdviceInterceptor.invoke(MethodBeforeAdviceInterceptor.java:52)
	at org.springframework.aop.framework.ReflectiveMethodInvocation.proceed(ReflectiveMethodInvocation.java:179)
	at org.springframework.aop.aspectj.MethodInvocationProceedingJoinPoint.proceed(MethodInvocationProceedingJoinPoint.java:85)
	at cn.star.autorder.common.LogAspectService.doAround(LogAspectService.java:34)
	at sun.reflect.NativeMethodAccessorImpl.invoke0(Native Method)
	at sun.reflect.NativeMethodAccessorImpl.invoke(NativeMethodAccessorImpl.java:62)
	at sun.reflect.DelegatingMethodAccessorImpl.invoke(DelegatingMethodAccessorImpl.java:43)
	at java.lang.reflect.Method.invoke(Method.java:498)
	at org.springframework.aop.aspectj.AbstractAspectJAdvice.invokeAdviceMethodWithGivenArgs(AbstractAspectJAdvice.java:629)
	at org.springframework.aop.aspectj.AbstractAspectJAdvice.invokeAdviceMethod(AbstractAspectJAdvice.java:618)
	at org.springframework.aop.aspectj.AspectJAroundAdvice.invoke(AspectJAroundAdvice.java:70)
	at org.springframework.aop.framework.ReflectiveMethodInvocation.proceed(ReflectiveMethodInvocation.java:179)
	at org.springframework.aop.aspectj.AspectJAfterAdvice.invoke(AspectJAfterAdvice.java:47)
	at org.springframework.aop.framework.ReflectiveMethodInvocation.proceed(ReflectiveMethodInvocation.java:179)
	at org.springframework.aop.interceptor.ExposeInvocationInterceptor.invoke(ExposeInvocationInterceptor.java:92)
	at org.springframework.aop.framework.ReflectiveMethodInvocation.proceed(ReflectiveMethodInvocation.java:179)
	at org.springframework.aop.framework.CglibAopProxy$DynamicAdvisedInterceptor.intercept(CglibAopProxy.java:673)
	at cn.star.autorder.shiro.service.impl.ShiroServiceImpl$$EnhancerBySpringCGLIB$$335a4675.createUser(<generated>)
	at cn.star.autorder.shiro.controller.ShiroUserController.loginCheck(ShiroUserController.java:45)
	at sun.reflect.NativeMethodAccessorImpl.invoke0(Native Method)
	at sun.reflect.NativeMethodAccessorImpl.invoke(NativeMethodAccessorImpl.java:62)
	at sun.reflect.DelegatingMethodAccessorImpl.invoke(DelegatingMethodAccessorImpl.java:43)
	at java.lang.reflect.Method.invoke(Method.java:498)
	at org.springframework.web.method.support.InvocableHandlerMethod.doInvoke(InvocableHandlerMethod.java:205)
	at org.springframework.web.method.support.InvocableHandlerMethod.invokeForRequest(InvocableHandlerMethod.java:133)
	at org.springframework.web.servlet.mvc.method.annotation.ServletInvocableHandlerMethod.invokeAndHandle(ServletInvocableHandlerMethod.java:97)
	at org.springframework.web.servlet.mvc.method.annotation.RequestMappingHandlerAdapter.invokeHandlerMethod(RequestMappingHandlerAdapter.java:827)
	at org.springframework.web.servlet.mvc.method.annotation.RequestMappingHandlerAdapter.handleInternal(RequestMappingHandlerAdapter.java:738)
	at org.springframework.web.servlet.mvc.method.AbstractHandlerMethodAdapter.handle(AbstractHandlerMethodAdapter.java:85)
	at org.springframework.web.servlet.DispatcherServlet.doDispatch(DispatcherServlet.java:967)
	at org.springframework.web.servlet.DispatcherServlet.doService(DispatcherServlet.java:901)
	at org.springframework.web.servlet.FrameworkServlet.processRequest(FrameworkServlet.java:970)
	at org.springframework.web.servlet.FrameworkServlet.doPost(FrameworkServlet.java:872)
	at javax.servlet.http.HttpServlet.service(HttpServlet.java:647)
	at org.springframework.web.servlet.FrameworkServlet.service(FrameworkServlet.java:846)
	at javax.servlet.http.HttpServlet.service(HttpServlet.java:728)
	at org.apache.catalina.core.ApplicationFilterChain.internalDoFilter(ApplicationFilterChain.java:305)
	at org.apache.catalina.core.ApplicationFilterChain.doFilter(ApplicationFilterChain.java:210)
	at org.apache.tomcat.websocket.server.WsFilter.doFilter(WsFilter.java:51)
	at org.apache.catalina.core.ApplicationFilterChain.internalDoFilter(ApplicationFilterChain.java:243)
	at org.apache.catalina.core.ApplicationFilterChain.doFilter(ApplicationFilterChain.java:210)
	at com.alibaba.druid.support.http.WebStatFilter.doFilter(WebStatFilter.java:123)
	at org.apache.catalina.core.ApplicationFilterChain.internalDoFilter(ApplicationFilterChain.java:243)
	at org.apache.catalina.core.ApplicationFilterChain.doFilter(ApplicationFilterChain.java:210)
	at org.apache.shiro.web.servlet.ProxiedFilterChain.doFilter(ProxiedFilterChain.java:61)
	at org.apache.shiro.web.servlet.AdviceFilter.executeChain(AdviceFilter.java:108)
	at org.apache.shiro.web.servlet.AdviceFilter.doFilterInternal(AdviceFilter.java:137)
	at org.apache.shiro.web.servlet.OncePerRequestFilter.doFilter(OncePerRequestFilter.java:125)
	at org.apache.shiro.web.servlet.ProxiedFilterChain.doFilter(ProxiedFilterChain.java:66)
	at org.apache.shiro.web.servlet.AbstractShiroFilter.executeChain(AbstractShiroFilter.java:449)
	at org.apache.shiro.web.servlet.AbstractShiroFilter$1.call(AbstractShiroFilter.java:365)
	at org.apache.shiro.subject.support.SubjectCallable.doCall(SubjectCallable.java:90)
	at org.apache.shiro.subject.support.SubjectCallable.call(SubjectCallable.java:83)
	at org.apache.shiro.subject.support.DelegatingSubject.execute(DelegatingSubject.java:387)
	at org.apache.shiro.web.servlet.AbstractShiroFilter.doFilterInternal(AbstractShiroFilter.java:362)
	at org.apache.shiro.web.servlet.OncePerRequestFilter.doFilter(OncePerRequestFilter.java:125)
	at org.springframework.web.filter.DelegatingFilterProxy.invokeDelegate(DelegatingFilterProxy.java:346)
	at org.springframework.web.filter.DelegatingFilterProxy.doFilter(DelegatingFilterProxy.java:262)
	at org.apache.catalina.core.ApplicationFilterChain.internalDoFilter(ApplicationFilterChain.java:243)
	at org.apache.catalina.core.ApplicationFilterChain.doFilter(ApplicationFilterChain.java:210)
	at org.springframework.web.filter.CharacterEncodingFilter.doFilterInternal(CharacterEncodingFilter.java:197)
	at org.springframework.web.filter.OncePerRequestFilter.doFilter(OncePerRequestFilter.java:107)
	at org.apache.catalina.core.ApplicationFilterChain.internalDoFilter(ApplicationFilterChain.java:243)
	at org.apache.catalina.core.ApplicationFilterChain.doFilter(ApplicationFilterChain.java:210)
	at org.apache.catalina.core.StandardWrapperValve.invoke(StandardWrapperValve.java:222)
	at org.apache.catalina.core.StandardContextValve.invoke(StandardContextValve.java:123)
	at org.apache.catalina.authenticator.AuthenticatorBase.invoke(AuthenticatorBase.java:502)
	at org.apache.catalina.core.StandardHostValve.invoke(StandardHostValve.java:171)
	at org.apache.catalina.valves.ErrorReportValve.invoke(ErrorReportValve.java:100)
	at org.apache.catalina.valves.AccessLogValve.invoke(AccessLogValve.java:953)
	at org.apache.catalina.core.StandardEngineValve.invoke(StandardEngineValve.java:118)
	at org.apache.catalina.connector.CoyoteAdapter.service(CoyoteAdapter.java:408)
	at org.apache.coyote.http11.AbstractHttp11Processor.process(AbstractHttp11Processor.java:1041)
	at org.apache.coyote.AbstractProtocol$AbstractConnectionHandler.process(AbstractProtocol.java:603)
	at org.apache.tomcat.util.net.JIoEndpoint$SocketProcessor.run(JIoEndpoint.java:312)
	at java.util.concurrent.ThreadPoolExecutor.runWorker(ThreadPoolExecutor.java:1142)
	at java.util.concurrent.ThreadPoolExecutor$Worker.run(ThreadPoolExecutor.java:617)
	at java.lang.Thread.run(Thread.java:745)
Caused by: java.lang.ClassNotFoundException: oracle.jdbc.driver.OracleDriver
	at org.apache.catalina.loader.WebappClassLoader.loadClass(WebappClassLoader.java:1702)
	at org.apache.catalina.loader.WebappClassLoader.loadClass(WebappClassLoader.java:1547)
	at java.lang.Class.forName0(Native Method)
	at java.lang.Class.forName(Class.java:264)
	at com.alibaba.druid.util.JdbcUtils.createDriver(JdbcUtils.java:582)
	... 108 more
2017-09-20 10:22:19 [ http-bio-8080-exec-4:176 ] - [ DEBUG ] end invoke method===>org.springframework.aop.aspectj.MethodInvocationProceedingJoinPoint.createUser
2017-09-20 10:25:20 [ http-bio-8080-exec-4:0 ] - [ DEBUG ] begin invoke method===>org.springframework.aop.aspectj.MethodInvocationProceedingJoinPoint.encryptPassword
2017-09-20 10:25:20 [ http-bio-8080-exec-4:55 ] - [ DEBUG ] method===>org.springframework.aop.aspectj.MethodInvocationProceedingJoinPoint.encryptPassword ----->elapsed time:57 ms
2017-09-20 10:25:20 [ http-bio-8080-exec-4:55 ] - [ DEBUG ] end invoke method===>org.springframework.aop.aspectj.MethodInvocationProceedingJoinPoint.encryptPassword
2017-09-20 10:25:20 [ http-bio-8080-exec-4:56 ] - [ DEBUG ] begin invoke method===>org.springframework.aop.aspectj.MethodInvocationProceedingJoinPoint.createUser
2017-09-20 10:25:21 [ http-bio-8080-exec-4:291 ] - [ ERROR ] invalid oracle validationQuery. SELECT 'x'  , may should be : SELECT 'x'   FROM DUAL
2017-09-20 10:25:21 [ http-bio-8080-exec-4:624 ] - [ INFO ] {dataSource-1} inited
2017-09-20 10:25:21 [ http-bio-8080-exec-4:742 ] - [ DEBUG ] stmt exit cache
2017-09-20 10:25:21 [ http-bio-8080-exec-4:797 ] - [ DEBUG ] end invoke method===>org.springframework.aop.aspectj.MethodInvocationProceedingJoinPoint.createUser
2017-09-20 10:26:47 [ http-bio-8080-exec-10:86845 ] - [ DEBUG ] begin invoke method===>org.springframework.aop.aspectj.MethodInvocationProceedingJoinPoint.encryptPassword
2017-09-20 10:26:47 [ http-bio-8080-exec-10:86850 ] - [ DEBUG ] method===>org.springframework.aop.aspectj.MethodInvocationProceedingJoinPoint.encryptPassword ----->elapsed time:5 ms
2017-09-20 10:26:47 [ http-bio-8080-exec-10:86850 ] - [ DEBUG ] end invoke method===>org.springframework.aop.aspectj.MethodInvocationProceedingJoinPoint.encryptPassword
2017-09-20 10:26:47 [ http-bio-8080-exec-10:86850 ] - [ DEBUG ] begin invoke method===>org.springframework.aop.aspectj.MethodInvocationProceedingJoinPoint.createUser
2017-09-20 10:26:47 [ http-bio-8080-exec-10:86856 ] - [ DEBUG ] skip not validate connection.
2017-09-20 10:26:48 [ http-bio-8080-exec-10:87212 ] - [ DEBUG ] stmt enter cache
2017-09-20 10:26:48 [ http-bio-8080-exec-10:87213 ] - [ DEBUG ] method===>org.springframework.aop.aspectj.MethodInvocationProceedingJoinPoint.createUser ----->elapsed time:363 ms
2017-09-20 10:26:48 [ http-bio-8080-exec-10:87214 ] - [ DEBUG ] end invoke method===>org.springframework.aop.aspectj.MethodInvocationProceedingJoinPoint.createUser
2017-09-20 10:55:14 [ http-bio-8080-exec-5:0 ] - [ ERROR ] invalid oracle validationQuery. SELECT 'x'  , may should be : SELECT 'x'   FROM DUAL
2017-09-20 10:55:15 [ http-bio-8080-exec-5:285 ] - [ INFO ] {dataSource-1} inited
2017-09-20 10:55:15 [ http-bio-8080-exec-5:416 ] - [ DEBUG ] stmt enter cache
2017-09-20 10:57:36 [ http-bio-8080-exec-5:0 ] - [ INFO ] {dataSource-1} inited
2017-09-20 10:57:36 [ http-bio-8080-exec-5:118 ] - [ DEBUG ] stmt enter cache
2017-09-20 11:00:13 [ http-bio-8080-exec-2:0 ] - [ INFO ] {dataSource-1} inited
2017-09-20 11:00:13 [ http-bio-8080-exec-2:97 ] - [ DEBUG ] stmt enter cache
2017-09-20 11:02:33 [ http-bio-8080-exec-5:0 ] - [ INFO ] {dataSource-1} inited
2017-09-20 11:02:33 [ http-bio-8080-exec-5:171 ] - [ DEBUG ] stmt enter cache
2017-09-20 11:31:34 [ http-bio-8080-exec-5:0 ] - [ INFO ] {dataSource-1} inited
2017-09-20 11:31:34 [ http-bio-8080-exec-5:115 ] - [ DEBUG ] stmt enter cache
2017-09-20 11:34:04 [ http-bio-8080-exec-5:0 ] - [ INFO ] {dataSource-1} inited
2017-09-20 11:34:04 [ http-bio-8080-exec-5:118 ] - [ DEBUG ] stmt enter cache
2017-09-20 11:36:28 [ http-bio-8080-exec-5:0 ] - [ INFO ] {dataSource-1} inited
2017-09-20 11:36:28 [ http-bio-8080-exec-5:96 ] - [ DEBUG ] stmt enter cache
2017-09-20 12:20:31 [ http-bio-8080-exec-7:0 ] - [ INFO ] {dataSource-1} inited
2017-09-20 12:20:31 [ http-bio-8080-exec-7:87 ] - [ DEBUG ] stmt enter cache
2017-09-20 13:21:05 [ http-bio-8080-exec-1:0 ] - [ INFO ] {dataSource-1} inited
2017-09-20 13:21:06 [ http-bio-8080-exec-1:110 ] - [ DEBUG ] stmt enter cache
2017-09-20 13:35:53 [ http-bio-8080-exec-1:0 ] - [ INFO ] {dataSource-1} inited
2017-09-20 13:35:54 [ http-bio-8080-exec-1:99 ] - [ DEBUG ] stmt enter cache
2017-09-20 13:49:35 [ http-bio-8080-exec-9:0 ] - [ INFO ] {dataSource-1} inited
2017-09-20 13:49:35 [ http-bio-8080-exec-9:124 ] - [ DEBUG ] stmt enter cache
2017-09-20 14:12:28 [ http-bio-8080-exec-1:0 ] - [ INFO ] {dataSource-1} inited
2017-09-20 14:12:29 [ http-bio-8080-exec-1:139 ] - [ DEBUG ] stmt enter cache
2017-09-20 14:59:19 [ http-bio-8080-exec-4:0 ] - [ INFO ] {dataSource-1} inited
2017-09-20 14:59:19 [ http-bio-8080-exec-4:131 ] - [ DEBUG ] stmt enter cache
2017-09-20 15:04:25 [ http-bio-8080-exec-6:0 ] - [ INFO ] {dataSource-1} inited
2017-09-20 15:04:25 [ http-bio-8080-exec-6:103 ] - [ DEBUG ] stmt enter cache
2017-09-20 15:05:02 [ http-bio-8080-exec-3:0 ] - [ INFO ] {dataSource-1} inited
2017-09-20 15:05:02 [ http-bio-8080-exec-3:142 ] - [ DEBUG ] stmt enter cache
2017-09-20 15:13:09 [ http-bio-8080-exec-4:0 ] - [ INFO ] {dataSource-1} inited
2017-09-20 15:13:09 [ http-bio-8080-exec-4:85 ] - [ DEBUG ] stmt enter cache
2017-09-20 15:28:47 [ http-bio-8080-exec-4:0 ] - [ INFO ] {dataSource-1} inited
2017-09-20 15:28:47 [ http-bio-8080-exec-4:116 ] - [ DEBUG ] stmt enter cache
2017-09-20 15:39:16 [ http-bio-8080-exec-7:0 ] - [ INFO ] {dataSource-1} inited
2017-09-20 15:39:17 [ http-bio-8080-exec-7:107 ] - [ DEBUG ] stmt enter cache
2017-09-20 16:05:38 [ http-bio-8080-exec-5:1 ] - [ INFO ] {dataSource-1} inited
2017-09-20 16:05:38 [ http-bio-8080-exec-5:128 ] - [ DEBUG ] stmt enter cache
2017-09-20 16:21:11 [ http-bio-8080-exec-5:0 ] - [ INFO ] {dataSource-1} inited
2017-09-20 16:21:11 [ http-bio-8080-exec-5:82 ] - [ DEBUG ] stmt enter cache
